<?xml version="1.0" encoding="UTF-8"?>
<!-- Generated by org.testng.reporters.JUnitXMLReporter -->
<testsuite hostname="DESKTOP-JTUPA23" ignored="5" name="Default test" tests="1" failures="0" timestamp="23 Mar 2025 07:44:17 GMT" time="5.324" errors="0">
  <testcase name="createmployee" time="5.287" classname="RestAssured.Rest.HttpsCheck"/>
  <testcase name="getAllEmployeeDetails" time="0.0" classname="RestAssured.Rest.HttpsCheck">
    <ignored/>
  </testcase> <!-- getAllEmployeeDetails -->
  <testcase name="updateemployeedtail" time="0.0" classname="RestAssured.Rest.HttpsCheck">
    <ignored/>
  </testcase> <!-- updateemployeedtail -->
  <testcase name="validategetAllEmployeeDetailsStatusLine" time="0.0" classname="RestAssured.Rest.HttpsCheck">
    <ignored/>
  </testcase> <!-- validategetAllEmployeeDetailsStatusLine -->
  <testcase name="deleteemployeedetails" time="0.0" classname="RestAssured.Rest.HttpsCheck">
    <ignored/>
  </testcase> <!-- deleteemployeedetails -->
  <testcase name="updateemployeedetailusingpatch" time="0.0" classname="RestAssured.Rest.HttpsCheck">
    <ignored/>
  </testcase> <!-- updateemployeedetailusingpatch -->
</testsuite> <!-- Default test -->
